<?xml version="1.0" encoding="UTF-8"?>
<coverage generated="1771676340954" clover="3.2.0">
  <project timestamp="1771676340954" name="All files">
    <metrics statements="99" coveredstatements="97" conditionals="56" coveredconditionals="50" methods="12" coveredmethods="12" elements="167" coveredelements="159" complexity="0" loc="99" ncloc="99" packages="2" files="6" classes="6"/>
    <package name="src">
      <metrics statements="39" coveredstatements="38" conditionals="25" coveredconditionals="22" methods="3" coveredmethods="3"/>
      <file name="index.js" path="/Users/check_1st/Desktop/frontend-project-46/src/index.js">
        <metrics statements="26" coveredstatements="26" conditionals="19" coveredconditionals="18" methods="2" coveredmethods="2"/>
        <line num="1" count="1" type="stmt"/>
        <line num="2" count="1" type="stmt"/>
        <line num="3" count="1" type="stmt"/>
        <line num="7" count="6" type="stmt"/>
        <line num="8" count="6" type="stmt"/>
        <line num="9" count="6" type="stmt"/>
        <line num="10" count="6" type="stmt"/>
        <line num="14" count="22" type="stmt"/>
        <line num="15" count="22" type="stmt"/>
        <line num="16" count="22" type="stmt"/>
        <line num="17" count="82" type="stmt"/>
        <line num="18" count="82" type="stmt"/>
        <line num="19" count="82" type="stmt"/>
        <line num="20" count="82" type="stmt"/>
        <line num="21" count="82" type="cond" truecount="4" falsecount="0"/>
        <line num="22" count="12" type="stmt"/>
        <line num="23" count="70" type="cond" truecount="4" falsecount="0"/>
        <line num="24" count="22" type="stmt"/>
        <line num="25" count="48" type="cond" truecount="4" falsecount="0"/>
        <line num="26" count="16" type="stmt"/>
        <line num="28" count="32" type="cond" truecount="3" falsecount="1"/>
        <line num="29" count="32" type="cond" truecount="2" falsecount="0"/>
        <line num="30" count="14" type="stmt"/>
        <line num="32" count="18" type="stmt"/>
        <line num="36" count="22" type="stmt"/>
        <line num="39" count="1" type="stmt"/>
      </file>
      <file name="parser.js" path="/Users/check_1st/Desktop/frontend-project-46/src/parser.js">
        <metrics statements="13" coveredstatements="12" conditionals="6" coveredconditionals="4" methods="1" coveredmethods="1"/>
        <line num="1" count="1" type="stmt"/>
        <line num="2" count="1" type="stmt"/>
        <line num="3" count="1" type="stmt"/>
        <line num="7" count="14" type="stmt"/>
        <line num="8" count="14" type="stmt"/>
        <line num="9" count="14" type="stmt"/>
        <line num="12" count="14" type="cond" truecount="2" falsecount="0"/>
        <line num="13" count="5" type="stmt"/>
        <line num="14" count="9" type="cond" truecount="2" falsecount="2"/>
        <line num="15" count="9" type="stmt"/>
        <line num="17" count="0" type="stmt"/>
        <line num="19" count="14" type="stmt"/>
        <line num="22" count="1" type="stmt"/>
      </file>
    </package>
    <package name="src.formatters">
      <metrics statements="60" coveredstatements="59" conditionals="31" coveredconditionals="28" methods="9" coveredmethods="9"/>
      <file name="index.js" path="/Users/check_1st/Desktop/frontend-project-46/src/formatters/index.js">
        <metrics statements="9" coveredstatements="8" conditionals="2" coveredconditionals="1" methods="1" coveredmethods="1"/>
        <line num="1" count="1" type="stmt"/>
        <line num="2" count="1" type="stmt"/>
        <line num="3" count="1" type="stmt"/>
        <line num="5" count="1" type="stmt"/>
        <line num="11" count="1" type="stmt"/>
        <line num="12" count="6" type="cond" truecount="1" falsecount="1"/>
        <line num="13" count="0" type="stmt"/>
        <line num="15" count="6" type="stmt"/>
        <line num="18" count="1" type="stmt"/>
      </file>
      <file name="json.js" path="/Users/check_1st/Desktop/frontend-project-46/src/formatters/json.js">
        <metrics statements="2" coveredstatements="2" conditionals="0" coveredconditionals="0" methods="1" coveredmethods="1"/>
        <line num="2" count="1" type="stmt"/>
        <line num="5" count="1" type="stmt"/>
      </file>
      <file name="plain.js" path="/Users/check_1st/Desktop/frontend-project-46/src/formatters/plain.js">
        <metrics statements="23" coveredstatements="23" conditionals="15" coveredconditionals="15" methods="3" coveredmethods="3"/>
        <line num="1" count="1" type="stmt"/>
        <line num="7" count="5" type="stmt"/>
        <line num="8" count="5" type="stmt"/>
        <line num="10" count="18" type="cond" truecount="2" falsecount="0"/>
        <line num="11" count="4" type="stmt"/>
        <line num="13" count="14" type="stmt"/>
        <line num="16" count="18" type="cond" truecount="2" falsecount="0"/>
        <line num="17" count="2" type="stmt"/>
        <line num="19" count="16" type="cond" truecount="2" falsecount="0"/>
        <line num="20" count="5" type="stmt"/>
        <line num="22" count="11" type="cond" truecount="2" falsecount="0"/>
        <line num="23" count="4" type="stmt"/>
        <line num="24" count="4" type="stmt"/>
        <line num="26" count="7" type="cond" truecount="2" falsecount="0"/>
        <line num="27" count="4" type="stmt"/>
        <line num="30" count="5" type="stmt"/>
        <line num="34" count="13" type="cond" truecount="2" falsecount="0"/>
        <line num="35" count="7" type="stmt"/>
        <line num="36" count="6" type="cond" truecount="2" falsecount="0"/>
        <line num="37" count="3" type="stmt"/>
        <line num="39" count="3" type="stmt"/>
        <line num="41" count="1" type="stmt"/>
        <line num="44" count="1" type="stmt"/>
      </file>
      <file name="stylish.js" path="/Users/check_1st/Desktop/frontend-project-46/src/formatters/stylish.js">
        <metrics statements="26" coveredstatements="26" conditionals="14" coveredconditionals="12" methods="4" coveredmethods="4"/>
        <line num="1" count="1" type="stmt"/>
        <line num="4" count="12" type="stmt"/>
        <line num="5" count="12" type="stmt"/>
        <line num="6" count="12" type="stmt"/>
        <line num="7" count="12" type="stmt"/>
        <line num="8" count="46" type="cond" truecount="2" falsecount="0"/>
        <line num="9" count="8" type="stmt"/>
        <line num="11" count="38" type="cond" truecount="2" falsecount="0"/>
        <line num="12" count="12" type="stmt"/>
        <line num="14" count="26" type="cond" truecount="2" falsecount="0"/>
        <line num="15" count="8" type="stmt"/>
        <line num="17" count="18" type="cond" truecount="2" falsecount="0"/>
        <line num="18" count="8" type="stmt"/>
        <line num="20" count="10" type="cond" truecount="1" falsecount="1"/>
        <line num="21" count="10" type="stmt"/>
        <line num="22" count="10" type="stmt"/>
        <line num="24" count="46" type="stmt"/>
        <line num="26" count="12" type="stmt"/>
        <line num="30" count="66" type="cond" truecount="2" falsecount="0"/>
        <line num="31" count="52" type="stmt"/>
        <line num="33" count="14" type="stmt"/>
        <line num="34" count="14" type="stmt"/>
        <line num="36" count="14" type="stmt"/>
        <line num="37" count="18" type="stmt"/>
        <line num="39" count="14" type="stmt"/>
        <line num="42" count="1" type="stmt"/>
      </file>
    </package>
  </project>
</coverage>
