<?xml version="1.0" encoding="UTF-8"?>
<coverage generated="1771325749027" clover="3.2.0">
  <project timestamp="1771325749027" name="All files">
    <metrics statements="41" coveredstatements="40" conditionals="24" coveredconditionals="21" methods="4" coveredmethods="4" elements="69" coveredelements="65" complexity="0" loc="41" ncloc="41" packages="1" files="2" classes="2"/>
    <file name="index.js" path="/Users/check_1st/Desktop/frontend-project-46/src/index.js">
      <metrics statements="31" coveredstatements="31" conditionals="22" coveredconditionals="20" methods="3" coveredmethods="3"/>
      <line num="1" count="1" type="stmt"/>
      <line num="2" count="1" type="stmt"/>
      <line num="5" count="1" type="stmt"/>
      <line num="6" count="5" type="cond" truecount="2" falsecount="0"/>
      <line num="7" count="2" type="stmt"/>
      <line num="9" count="3" type="cond" truecount="2" falsecount="0"/>
      <line num="10" count="1" type="stmt"/>
      <line num="12" count="2" type="cond" truecount="2" falsecount="0"/>
      <line num="13" count="1" type="stmt"/>
      <line num="15" count="1" type="cond" truecount="1" falsecount="1"/>
      <line num="16" count="1" type="stmt"/>
      <line num="17" count="1" type="stmt"/>
      <line num="19" count="5" type="stmt"/>
      <line num="21" count="1" type="stmt"/>
      <line num="25" count="1" type="stmt"/>
      <line num="26" count="1" type="stmt"/>
      <line num="27" count="1" type="stmt"/>
      <line num="28" count="1" type="stmt"/>
      <line num="29" count="1" type="stmt"/>
      <line num="30" count="5" type="stmt"/>
      <line num="31" count="5" type="stmt"/>
      <line num="32" count="5" type="cond" truecount="4" falsecount="0"/>
      <line num="33" count="2" type="stmt"/>
      <line num="34" count="3" type="cond" truecount="4" falsecount="0"/>
      <line num="35" count="1" type="stmt"/>
      <line num="36" count="2" type="cond" truecount="3" falsecount="1"/>
      <line num="37" count="2" type="cond" truecount="2" falsecount="0"/>
      <line num="38" count="1" type="stmt"/>
      <line num="40" count="1" type="stmt"/>
      <line num="44" count="1" type="stmt"/>
      <line num="49" count="1" type="stmt"/>
    </file>
    <file name="parser.js" path="/Users/check_1st/Desktop/frontend-project-46/src/parser.js">
      <metrics statements="10" coveredstatements="9" conditionals="2" coveredconditionals="1" methods="1" coveredmethods="1"/>
      <line num="1" count="1" type="stmt"/>
      <line num="2" count="1" type="stmt"/>
      <line num="6" count="2" type="stmt"/>
      <line num="7" count="2" type="stmt"/>
      <line num="8" count="2" type="stmt"/>
      <line num="9" count="2" type="cond" truecount="1" falsecount="1"/>
      <line num="10" count="0" type="stmt"/>
      <line num="12" count="2" type="stmt"/>
      <line num="13" count="2" type="stmt"/>
      <line num="16" count="1" type="stmt"/>
    </file>
  </project>
</coverage>
