{"/Users/check_1st/Desktop/frontend-project-46/src/index.js": {"path":"/Users/check_1st/Desktop/frontend-project-46/src/index.js","statementMap":{"0":{"start":{"line":1,"column":22},"end":{"line":1,"column":45}},"1":{"start":{"line":2,"column":10},"end":{"line":2,"column":27}},"2":{"start":{"line":3,"column":15},"end":{"line":3,"column":47}},"3":{"start":{"line":7,"column":18},"end":{"line":7,"column":42}},"4":{"start":{"line":8,"column":18},"end":{"line":8,"column":42}},"5":{"start":{"line":9,"column":17},"end":{"line":9,"column":44}},"6":{"start":{"line":10,"column":4},"end":{"line":10,"column":35}},"7":{"start":{"line":14,"column":20},"end":{"line":14,"column":66}},"8":{"start":{"line":15,"column":19},"end":{"line":15,"column":21}},"9":{"start":{"line":16,"column":4},"end":{"line":35,"column":5}},"10":{"start":{"line":17,"column":21},"end":{"line":17,"column":38}},"11":{"start":{"line":18,"column":21},"end":{"line":18,"column":38}},"12":{"start":{"line":19,"column":19},"end":{"line":19,"column":29}},"13":{"start":{"line":20,"column":19},"end":{"line":20,"column":29}},"14":{"start":{"line":21,"column":8},"end":{"line":34,"column":9}},"15":{"start":{"line":22,"column":12},"end":{"line":22,"column":59}},"16":{"start":{"line":23,"column":15},"end":{"line":34,"column":9}},"17":{"start":{"line":24,"column":12},"end":{"line":24,"column":57}},"18":{"start":{"line":25,"column":15},"end":{"line":34,"column":9}},"19":{"start":{"line":26,"column":12},"end":{"line":26,"column":80}},"20":{"start":{"line":28,"column":13},"end":{"line":34,"column":9}},"21":{"start":{"line":29,"column":12},"end":{"line":33,"column":13}},"22":{"start":{"line":30,"column":16},"end":{"line":30,"column":65}},"23":{"start":{"line":32,"column":16},"end":{"line":32,"column":76}},"24":{"start":{"line":36,"column":4},"end":{"line":36,"column":17}},"25":{"start":{"line":39,"column":0},"end":{"line":39,"column":25}}},"fnMap":{"0":{"name":"genDiff","decl":{"start":{"line":6,"column":9},"end":{"line":6,"column":16}},"loc":{"start":{"line":6,"column":63},"end":{"line":11,"column":1}},"line":6},"1":{"name":"buildDiffThree","decl":{"start":{"line":13,"column":9},"end":{"line":13,"column":23}},"loc":{"start":{"line":13,"column":37},"end":{"line":37,"column":1}},"line":13}},"branchMap":{"0":{"loc":{"start":{"line":6,"column":39},"end":{"line":6,"column":61}},"type":"default-arg","locations":[{"start":{"line":6,"column":52},"end":{"line":6,"column":61}}],"line":6},"1":{"loc":{"start":{"line":21,"column":8},"end":{"line":34,"column":9}},"type":"if","locations":[{"start":{"line":21,"column":8},"end":{"line":34,"column":9}},{"start":{"line":23,"column":15},"end":{"line":34,"column":9}}],"line":21},"2":{"loc":{"start":{"line":21,"column":12},"end":{"line":21,"column":25}},"type":"binary-expr","locations":[{"start":{"line":21,"column":12},"end":{"line":21,"column":16}},{"start":{"line":21,"column":20},"end":{"line":21,"column":25}}],"line":21},"3":{"loc":{"start":{"line":23,"column":15},"end":{"line":34,"column":9}},"type":"if","locations":[{"start":{"line":23,"column":15},"end":{"line":34,"column":9}},{"start":{"line":25,"column":15},"end":{"line":34,"column":9}}],"line":23},"4":{"loc":{"start":{"line":23,"column":19},"end":{"line":23,"column":32}},"type":"binary-expr","locations":[{"start":{"line":23,"column":19},"end":{"line":23,"column":24}},{"start":{"line":23,"column":28},"end":{"line":23,"column":32}}],"line":23},"5":{"loc":{"start":{"line":25,"column":15},"end":{"line":34,"column":9}},"type":"if","locations":[{"start":{"line":25,"column":15},"end":{"line":34,"column":9}},{"start":{"line":28,"column":13},"end":{"line":34,"column":9}}],"line":25},"6":{"loc":{"start":{"line":25,"column":19},"end":{"line":25,"column":61}},"type":"binary-expr","locations":[{"start":{"line":25,"column":19},"end":{"line":25,"column":38}},{"start":{"line":25,"column":42},"end":{"line":25,"column":61}}],"line":25},"7":{"loc":{"start":{"line":28,"column":13},"end":{"line":34,"column":9}},"type":"if","locations":[{"start":{"line":28,"column":13},"end":{"line":34,"column":9}},{"start":{},"end":{}}],"line":28},"8":{"loc":{"start":{"line":28,"column":16},"end":{"line":28,"column":28}},"type":"binary-expr","locations":[{"start":{"line":28,"column":16},"end":{"line":28,"column":20}},{"start":{"line":28,"column":24},"end":{"line":28,"column":28}}],"line":28},"9":{"loc":{"start":{"line":29,"column":12},"end":{"line":33,"column":13}},"type":"if","locations":[{"start":{"line":29,"column":12},"end":{"line":33,"column":13}},{"start":{"line":31,"column":19},"end":{"line":33,"column":13}}],"line":29}},"s":{"0":1,"1":1,"2":1,"3":6,"4":6,"5":6,"6":6,"7":22,"8":22,"9":22,"10":82,"11":82,"12":82,"13":82,"14":82,"15":12,"16":70,"17":22,"18":48,"19":16,"20":32,"21":32,"22":14,"23":18,"24":22,"25":1},"f":{"0":6,"1":22},"b":{"0":[4],"1":[12,70],"2":[82,60],"3":[22,48],"4":[70,22],"5":[16,32],"6":[48,20],"7":[32,0],"8":[32,32],"9":[14,18]},"_coverageSchema":"1a1c01bbd47fc00a2c39e90264f33305004495a9","hash":"9cf62d6117173daac96eaf66d1bfe1fa2209d2d1"}
,"/Users/check_1st/Desktop/frontend-project-46/src/parser.js": {"path":"/Users/check_1st/Desktop/frontend-project-46/src/parser.js","statementMap":{"0":{"start":{"line":1,"column":11},"end":{"line":1,"column":24}},"1":{"start":{"line":2,"column":13},"end":{"line":2,"column":28}},"2":{"start":{"line":3,"column":13},"end":{"line":3,"column":31}},"3":{"start":{"line":7,"column":18},"end":{"line":7,"column":55}},"4":{"start":{"line":8,"column":14},"end":{"line":8,"column":35}},"5":{"start":{"line":9,"column":18},"end":{"line":9,"column":51}},"6":{"start":{"line":12,"column":2},"end":{"line":18,"column":3}},"7":{"start":{"line":13,"column":4},"end":{"line":13,"column":31}},"8":{"start":{"line":14,"column":9},"end":{"line":18,"column":3}},"9":{"start":{"line":15,"column":4},"end":{"line":15,"column":30}},"10":{"start":{"line":17,"column":4},"end":{"line":17,"column":55}},"11":{"start":{"line":19,"column":1},"end":{"line":19,"column":13}},"12":{"start":{"line":22,"column":0},"end":{"line":22,"column":31}}},"fnMap":{"0":{"name":"parseFilepath","decl":{"start":{"line":6,"column":9},"end":{"line":6,"column":22}},"loc":{"start":{"line":6,"column":33},"end":{"line":20,"column":1}},"line":6}},"branchMap":{"0":{"loc":{"start":{"line":12,"column":2},"end":{"line":18,"column":3}},"type":"if","locations":[{"start":{"line":12,"column":2},"end":{"line":18,"column":3}},{"start":{"line":14,"column":9},"end":{"line":18,"column":3}}],"line":12},"1":{"loc":{"start":{"line":14,"column":9},"end":{"line":18,"column":3}},"type":"if","locations":[{"start":{"line":14,"column":9},"end":{"line":18,"column":3}},{"start":{"line":16,"column":9},"end":{"line":18,"column":3}}],"line":14},"2":{"loc":{"start":{"line":14,"column":13},"end":{"line":14,"column":46}},"type":"binary-expr","locations":[{"start":{"line":14,"column":13},"end":{"line":14,"column":27}},{"start":{"line":14,"column":31},"end":{"line":14,"column":46}}],"line":14}},"s":{"0":1,"1":1,"2":1,"3":14,"4":14,"5":14,"6":14,"7":5,"8":9,"9":9,"10":0,"11":14,"12":1},"f":{"0":14},"b":{"0":[5,9],"1":[9,0],"2":[9,0]},"_coverageSchema":"1a1c01bbd47fc00a2c39e90264f33305004495a9","hash":"01c65e21343021db932734329fafbd5621964c87"}
,"/Users/check_1st/Desktop/frontend-project-46/src/formatters/index.js": {"path":"/Users/check_1st/Desktop/frontend-project-46/src/formatters/index.js","statementMap":{"0":{"start":{"line":1,"column":20},"end":{"line":1,"column":38}},"1":{"start":{"line":2,"column":22},"end":{"line":2,"column":42}},"2":{"start":{"line":3,"column":19},"end":{"line":3,"column":36}},"3":{"start":{"line":5,"column":19},"end":{"line":9,"column":1}},"4":{"start":{"line":11,"column":15},"end":{"line":16,"column":1}},"5":{"start":{"line":12,"column":4},"end":{"line":14,"column":5}},"6":{"start":{"line":13,"column":8},"end":{"line":13,"column":56}},"7":{"start":{"line":15,"column":3},"end":{"line":15,"column":42}},"8":{"start":{"line":18,"column":0},"end":{"line":18,"column":23}}},"fnMap":{"0":{"name":"(anonymous_0)","decl":{"start":{"line":11,"column":15},"end":{"line":11,"column":16}},"loc":{"start":{"line":11,"column":41},"end":{"line":16,"column":1}},"line":11}},"branchMap":{"0":{"loc":{"start":{"line":12,"column":4},"end":{"line":14,"column":5}},"type":"if","locations":[{"start":{"line":12,"column":4},"end":{"line":14,"column":5}},{"start":{},"end":{}}],"line":12}},"s":{"0":1,"1":1,"2":1,"3":1,"4":1,"5":6,"6":0,"7":6,"8":1},"f":{"0":6},"b":{"0":[0,6]},"_coverageSchema":"1a1c01bbd47fc00a2c39e90264f33305004495a9","hash":"38a5e8d72335b6487252fa6affb07d6e74a4b5cb"}
,"/Users/check_1st/Desktop/frontend-project-46/src/formatters/json.js": {"path":"/Users/check_1st/Desktop/frontend-project-46/src/formatters/json.js","statementMap":{"0":{"start":{"line":2,"column":4},"end":{"line":2,"column":44}},"1":{"start":{"line":5,"column":0},"end":{"line":5,"column":27}}},"fnMap":{"0":{"name":"formatJson","decl":{"start":{"line":1,"column":9},"end":{"line":1,"column":19}},"loc":{"start":{"line":1,"column":30},"end":{"line":3,"column":1}},"line":1}},"branchMap":{},"s":{"0":1,"1":1},"f":{"0":1},"b":{},"_coverageSchema":"1a1c01bbd47fc00a2c39e90264f33305004495a9","hash":"e401976a07537cfd9f44bbeda0e582e8ce014f94"}
,"/Users/check_1st/Desktop/frontend-project-46/src/formatters/plain.js": {"path":"/Users/check_1st/Desktop/frontend-project-46/src/formatters/plain.js","statementMap":{"0":{"start":{"line":1,"column":10},"end":{"line":1,"column":27}},"1":{"start":{"line":7,"column":23},"end":{"line":7,"column":25}},"2":{"start":{"line":8,"column":8},"end":{"line":29,"column":9}},"3":{"start":{"line":10,"column":12},"end":{"line":14,"column":13}},"4":{"start":{"line":11,"column":20},"end":{"line":11,"column":42}},"5":{"start":{"line":13,"column":20},"end":{"line":13,"column":60}},"6":{"start":{"line":16,"column":12},"end":{"line":28,"column":13}},"7":{"start":{"line":17,"column":16},"end":{"line":17,"column":68}},"8":{"start":{"line":19,"column":17},"end":{"line":28,"column":13}},"9":{"start":{"line":20,"column":16},"end":{"line":20,"column":105}},"10":{"start":{"line":22,"column":17},"end":{"line":28,"column":13}},"11":{"start":{"line":23,"column":30},"end":{"line":23,"column":68}},"12":{"start":{"line":24,"column":16},"end":{"line":24,"column":37}},"13":{"start":{"line":26,"column":17},"end":{"line":28,"column":13}},"14":{"start":{"line":27,"column":16},"end":{"line":27,"column":132}},"15":{"start":{"line":30,"column":8},"end":{"line":30,"column":21}},"16":{"start":{"line":34,"column":8},"end":{"line":38,"column":9}},"17":{"start":{"line":35,"column":12},"end":{"line":35,"column":31}},"18":{"start":{"line":36,"column":15},"end":{"line":38,"column":9}},"19":{"start":{"line":37,"column":12},"end":{"line":37,"column":36}},"20":{"start":{"line":39,"column":8},"end":{"line":39,"column":20}},"21":{"start":{"line":41,"column":4},"end":{"line":41,"column":42}},"22":{"start":{"line":44,"column":0},"end":{"line":44,"column":28}}},"fnMap":{"0":{"name":"formatPlain","decl":{"start":{"line":4,"column":9},"end":{"line":4,"column":20}},"loc":{"start":{"line":4,"column":31},"end":{"line":42,"column":1}},"line":4},"1":{"name":"formatterP","decl":{"start":{"line":6,"column":13},"end":{"line":6,"column":23}},"loc":{"start":{"line":6,"column":51},"end":{"line":31,"column":5}},"line":6},"2":{"name":"formatValue","decl":{"start":{"line":33,"column":13},"end":{"line":33,"column":24}},"loc":{"start":{"line":33,"column":32},"end":{"line":40,"column":5}},"line":33}},"branchMap":{"0":{"loc":{"start":{"line":6,"column":34},"end":{"line":6,"column":49}},"type":"default-arg","locations":[{"start":{"line":6,"column":47},"end":{"line":6,"column":49}}],"line":6},"1":{"loc":{"start":{"line":10,"column":12},"end":{"line":14,"column":13}},"type":"if","locations":[{"start":{"line":10,"column":12},"end":{"line":14,"column":13}},{"start":{"line":12,"column":17},"end":{"line":14,"column":13}}],"line":10},"2":{"loc":{"start":{"line":16,"column":12},"end":{"line":28,"column":13}},"type":"if","locations":[{"start":{"line":16,"column":12},"end":{"line":28,"column":13}},{"start":{"line":19,"column":17},"end":{"line":28,"column":13}}],"line":16},"3":{"loc":{"start":{"line":19,"column":17},"end":{"line":28,"column":13}},"type":"if","locations":[{"start":{"line":19,"column":17},"end":{"line":28,"column":13}},{"start":{"line":22,"column":17},"end":{"line":28,"column":13}}],"line":19},"4":{"loc":{"start":{"line":22,"column":17},"end":{"line":28,"column":13}},"type":"if","locations":[{"start":{"line":22,"column":17},"end":{"line":28,"column":13}},{"start":{"line":26,"column":17},"end":{"line":28,"column":13}}],"line":22},"5":{"loc":{"start":{"line":26,"column":17},"end":{"line":28,"column":13}},"type":"if","locations":[{"start":{"line":26,"column":17},"end":{"line":28,"column":13}},{"start":{},"end":{}}],"line":26},"6":{"loc":{"start":{"line":34,"column":8},"end":{"line":38,"column":9}},"type":"if","locations":[{"start":{"line":34,"column":8},"end":{"line":38,"column":9}},{"start":{"line":36,"column":15},"end":{"line":38,"column":9}}],"line":34},"7":{"loc":{"start":{"line":36,"column":15},"end":{"line":38,"column":9}},"type":"if","locations":[{"start":{"line":36,"column":15},"end":{"line":38,"column":9}},{"start":{},"end":{}}],"line":36}},"s":{"0":1,"1":5,"2":5,"3":18,"4":4,"5":14,"6":18,"7":2,"8":16,"9":5,"10":11,"11":4,"12":4,"13":7,"14":4,"15":5,"16":13,"17":7,"18":6,"19":3,"20":3,"21":1,"22":1},"f":{"0":1,"1":5,"2":13},"b":{"0":[1],"1":[4,14],"2":[2,16],"3":[5,11],"4":[4,7],"5":[4,3],"6":[7,6],"7":[3,3]},"_coverageSchema":"1a1c01bbd47fc00a2c39e90264f33305004495a9","hash":"aebc2ad23b222eb89fd33365669b49b424f38b3c"}
,"/Users/check_1st/Desktop/frontend-project-46/src/formatters/stylish.js": {"path":"/Users/check_1st/Desktop/frontend-project-46/src/formatters/stylish.js","statementMap":{"0":{"start":{"line":1,"column":10},"end":{"line":1,"column":27}},"1":{"start":{"line":4,"column":19},"end":{"line":4,"column":46}},"2":{"start":{"line":5,"column":25},"end":{"line":5,"column":46}},"3":{"start":{"line":6,"column":27},"end":{"line":6,"column":54}},"4":{"start":{"line":7,"column":18},"end":{"line":25,"column":8}},"5":{"start":{"line":8,"column":4},"end":{"line":23,"column":5}},"6":{"start":{"line":9,"column":8},"end":{"line":9,"column":78}},"7":{"start":{"line":11,"column":9},"end":{"line":23,"column":5}},"8":{"start":{"line":12,"column":8},"end":{"line":12,"column":78}},"9":{"start":{"line":14,"column":9},"end":{"line":23,"column":5}},"10":{"start":{"line":15,"column":8},"end":{"line":15,"column":90}},"11":{"start":{"line":17,"column":9},"end":{"line":23,"column":5}},"12":{"start":{"line":18,"column":8},"end":{"line":18,"column":78}},"13":{"start":{"line":20,"column":9},"end":{"line":23,"column":5}},"14":{"start":{"line":21,"column":8},"end":{"line":21,"column":79}},"15":{"start":{"line":22,"column":8},"end":{"line":22,"column":78}},"16":{"start":{"line":24,"column":4},"end":{"line":24,"column":14}},"17":{"start":{"line":26,"column":3},"end":{"line":26,"column":54}},"18":{"start":{"line":30,"column":4},"end":{"line":32,"column":5}},"19":{"start":{"line":31,"column":8},"end":{"line":31,"column":28}},"20":{"start":{"line":33,"column":19},"end":{"line":33,"column":40}},"21":{"start":{"line":34,"column":27},"end":{"line":34,"column":54}},"22":{"start":{"line":36,"column":18},"end":{"line":37,"column":78}},"23":{"start":{"line":37,"column":29},"end":{"line":37,"column":76}},"24":{"start":{"line":39,"column":4},"end":{"line":39,"column":54}},"25":{"start":{"line":42,"column":0},"end":{"line":42,"column":30}}},"fnMap":{"0":{"name":"formatStylish","decl":{"start":{"line":3,"column":9},"end":{"line":3,"column":22}},"loc":{"start":{"line":3,"column":44},"end":{"line":27,"column":1}},"line":3},"1":{"name":"(anonymous_1)","decl":{"start":{"line":7,"column":34},"end":{"line":7,"column":35}},"loc":{"start":{"line":7,"column":47},"end":{"line":25,"column":4}},"line":7},"2":{"name":"stringify","decl":{"start":{"line":29,"column":9},"end":{"line":29,"column":18}},"loc":{"start":{"line":29,"column":37},"end":{"line":40,"column":1}},"line":29},"3":{"name":"(anonymous_3)","decl":{"start":{"line":37,"column":13},"end":{"line":37,"column":14}},"loc":{"start":{"line":37,"column":29},"end":{"line":37,"column":76}},"line":37}},"branchMap":{"0":{"loc":{"start":{"line":3,"column":33},"end":{"line":3,"column":42}},"type":"default-arg","locations":[{"start":{"line":3,"column":41},"end":{"line":3,"column":42}}],"line":3},"1":{"loc":{"start":{"line":8,"column":4},"end":{"line":23,"column":5}},"type":"if","locations":[{"start":{"line":8,"column":4},"end":{"line":23,"column":5}},{"start":{"line":11,"column":9},"end":{"line":23,"column":5}}],"line":8},"2":{"loc":{"start":{"line":11,"column":9},"end":{"line":23,"column":5}},"type":"if","locations":[{"start":{"line":11,"column":9},"end":{"line":23,"column":5}},{"start":{"line":14,"column":9},"end":{"line":23,"column":5}}],"line":11},"3":{"loc":{"start":{"line":14,"column":9},"end":{"line":23,"column":5}},"type":"if","locations":[{"start":{"line":14,"column":9},"end":{"line":23,"column":5}},{"start":{"line":17,"column":9},"end":{"line":23,"column":5}}],"line":14},"4":{"loc":{"start":{"line":17,"column":9},"end":{"line":23,"column":5}},"type":"if","locations":[{"start":{"line":17,"column":9},"end":{"line":23,"column":5}},{"start":{"line":20,"column":9},"end":{"line":23,"column":5}}],"line":17},"5":{"loc":{"start":{"line":20,"column":9},"end":{"line":23,"column":5}},"type":"if","locations":[{"start":{"line":20,"column":9},"end":{"line":23,"column":5}},{"start":{},"end":{}}],"line":20},"6":{"loc":{"start":{"line":29,"column":26},"end":{"line":29,"column":35}},"type":"default-arg","locations":[{"start":{"line":29,"column":34},"end":{"line":29,"column":35}}],"line":29},"7":{"loc":{"start":{"line":30,"column":4},"end":{"line":32,"column":5}},"type":"if","locations":[{"start":{"line":30,"column":4},"end":{"line":32,"column":5}},{"start":{},"end":{}}],"line":30}},"s":{"0":1,"1":12,"2":12,"3":12,"4":12,"5":46,"6":8,"7":38,"8":12,"9":26,"10":8,"11":18,"12":8,"13":10,"14":10,"15":10,"16":46,"17":12,"18":66,"19":52,"20":14,"21":14,"22":14,"23":18,"24":14,"25":1},"f":{"0":12,"1":46,"2":66,"3":18},"b":{"0":[4],"1":[8,38],"2":[12,26],"3":[8,18],"4":[8,10],"5":[10,0],"6":[0],"7":[52,14]},"_coverageSchema":"1a1c01bbd47fc00a2c39e90264f33305004495a9","hash":"3433da997568ef8ba21564f3194fe3fcd449bc3c"}
}
