{"/Users/check_1st/Desktop/frontend-project-46/src/index.js": {"path":"/Users/check_1st/Desktop/frontend-project-46/src/index.js","statementMap":{"0":{"start":{"line":1,"column":22},"end":{"line":1,"column":45}},"1":{"start":{"line":2,"column":10},"end":{"line":2,"column":27}},"2":{"start":{"line":5,"column":18},"end":{"line":20,"column":8}},"3":{"start":{"line":6,"column":4},"end":{"line":18,"column":5}},"4":{"start":{"line":7,"column":8},"end":{"line":7,"column":50}},"5":{"start":{"line":9,"column":9},"end":{"line":18,"column":5}},"6":{"start":{"line":10,"column":8},"end":{"line":10,"column":50}},"7":{"start":{"line":12,"column":9},"end":{"line":18,"column":5}},"8":{"start":{"line":13,"column":8},"end":{"line":13,"column":50}},"9":{"start":{"line":15,"column":9},"end":{"line":18,"column":5}},"10":{"start":{"line":16,"column":8},"end":{"line":16,"column":51}},"11":{"start":{"line":17,"column":8},"end":{"line":17,"column":50}},"12":{"start":{"line":19,"column":4},"end":{"line":19,"column":14}},"13":{"start":{"line":21,"column":3},"end":{"line":21,"column":38}},"14":{"start":{"line":25,"column":18},"end":{"line":25,"column":42}},"15":{"start":{"line":26,"column":18},"end":{"line":26,"column":42}},"16":{"start":{"line":27,"column":20},"end":{"line":27,"column":66}},"17":{"start":{"line":28,"column":19},"end":{"line":28,"column":21}},"18":{"start":{"line":29,"column":4},"end":{"line":43,"column":5}},"19":{"start":{"line":30,"column":21},"end":{"line":30,"column":38}},"20":{"start":{"line":31,"column":21},"end":{"line":31,"column":38}},"21":{"start":{"line":32,"column":8},"end":{"line":42,"column":9}},"22":{"start":{"line":33,"column":12},"end":{"line":33,"column":66}},"23":{"start":{"line":34,"column":15},"end":{"line":42,"column":9}},"24":{"start":{"line":35,"column":12},"end":{"line":35,"column":64}},"25":{"start":{"line":36,"column":14},"end":{"line":42,"column":9}},"26":{"start":{"line":37,"column":12},"end":{"line":41,"column":13}},"27":{"start":{"line":38,"column":16},"end":{"line":38,"column":72}},"28":{"start":{"line":40,"column":16},"end":{"line":40,"column":92}},"29":{"start":{"line":44,"column":4},"end":{"line":44,"column":32}},"30":{"start":{"line":49,"column":0},"end":{"line":49,"column":25}}},"fnMap":{"0":{"name":"formatStylish","decl":{"start":{"line":4,"column":9},"end":{"line":4,"column":22}},"loc":{"start":{"line":4,"column":33},"end":{"line":22,"column":1}},"line":4},"1":{"name":"(anonymous_1)","decl":{"start":{"line":5,"column":34},"end":{"line":5,"column":35}},"loc":{"start":{"line":5,"column":47},"end":{"line":20,"column":4}},"line":5},"2":{"name":"genDiff","decl":{"start":{"line":24,"column":9},"end":{"line":24,"column":16}},"loc":{"start":{"line":24,"column":39},"end":{"line":45,"column":1}},"line":24}},"branchMap":{"0":{"loc":{"start":{"line":6,"column":4},"end":{"line":18,"column":5}},"type":"if","locations":[{"start":{"line":6,"column":4},"end":{"line":18,"column":5}},{"start":{"line":9,"column":9},"end":{"line":18,"column":5}}],"line":6},"1":{"loc":{"start":{"line":9,"column":9},"end":{"line":18,"column":5}},"type":"if","locations":[{"start":{"line":9,"column":9},"end":{"line":18,"column":5}},{"start":{"line":12,"column":9},"end":{"line":18,"column":5}}],"line":9},"2":{"loc":{"start":{"line":12,"column":9},"end":{"line":18,"column":5}},"type":"if","locations":[{"start":{"line":12,"column":9},"end":{"line":18,"column":5}},{"start":{"line":15,"column":9},"end":{"line":18,"column":5}}],"line":12},"3":{"loc":{"start":{"line":15,"column":9},"end":{"line":18,"column":5}},"type":"if","locations":[{"start":{"line":15,"column":9},"end":{"line":18,"column":5}},{"start":{},"end":{}}],"line":15},"4":{"loc":{"start":{"line":32,"column":8},"end":{"line":42,"column":9}},"type":"if","locations":[{"start":{"line":32,"column":8},"end":{"line":42,"column":9}},{"start":{"line":34,"column":15},"end":{"line":42,"column":9}}],"line":32},"5":{"loc":{"start":{"line":32,"column":12},"end":{"line":32,"column":25}},"type":"binary-expr","locations":[{"start":{"line":32,"column":12},"end":{"line":32,"column":16}},{"start":{"line":32,"column":20},"end":{"line":32,"column":25}}],"line":32},"6":{"loc":{"start":{"line":34,"column":15},"end":{"line":42,"column":9}},"type":"if","locations":[{"start":{"line":34,"column":15},"end":{"line":42,"column":9}},{"start":{"line":36,"column":14},"end":{"line":42,"column":9}}],"line":34},"7":{"loc":{"start":{"line":34,"column":19},"end":{"line":34,"column":32}},"type":"binary-expr","locations":[{"start":{"line":34,"column":19},"end":{"line":34,"column":24}},{"start":{"line":34,"column":28},"end":{"line":34,"column":32}}],"line":34},"8":{"loc":{"start":{"line":36,"column":14},"end":{"line":42,"column":9}},"type":"if","locations":[{"start":{"line":36,"column":14},"end":{"line":42,"column":9}},{"start":{},"end":{}}],"line":36},"9":{"loc":{"start":{"line":36,"column":17},"end":{"line":36,"column":29}},"type":"binary-expr","locations":[{"start":{"line":36,"column":17},"end":{"line":36,"column":21}},{"start":{"line":36,"column":25},"end":{"line":36,"column":29}}],"line":36},"10":{"loc":{"start":{"line":37,"column":12},"end":{"line":41,"column":13}},"type":"if","locations":[{"start":{"line":37,"column":12},"end":{"line":41,"column":13}},{"start":{"line":39,"column":19},"end":{"line":41,"column":13}}],"line":37}},"s":{"0":1,"1":1,"2":2,"3":10,"4":4,"5":6,"6":2,"7":4,"8":2,"9":2,"10":2,"11":2,"12":10,"13":2,"14":2,"15":2,"16":2,"17":2,"18":2,"19":10,"20":10,"21":10,"22":4,"23":6,"24":2,"25":4,"26":4,"27":2,"28":2,"29":2,"30":1},"f":{"0":2,"1":10,"2":2},"b":{"0":[4,6],"1":[2,4],"2":[2,2],"3":[2,0],"4":[4,6],"5":[10,8],"6":[2,4],"7":[6,2],"8":[4,0],"9":[4,4],"10":[2,2]},"_coverageSchema":"1a1c01bbd47fc00a2c39e90264f33305004495a9","hash":"b59dee63c2f3f112ad52d6a182641921cf2cd358"}
,"/Users/check_1st/Desktop/frontend-project-46/src/parser.js": {"path":"/Users/check_1st/Desktop/frontend-project-46/src/parser.js","statementMap":{"0":{"start":{"line":1,"column":11},"end":{"line":1,"column":24}},"1":{"start":{"line":2,"column":13},"end":{"line":2,"column":28}},"2":{"start":{"line":3,"column":13},"end":{"line":3,"column":31}},"3":{"start":{"line":7,"column":18},"end":{"line":7,"column":55}},"4":{"start":{"line":8,"column":14},"end":{"line":8,"column":35}},"5":{"start":{"line":9,"column":18},"end":{"line":9,"column":51}},"6":{"start":{"line":12,"column":2},"end":{"line":18,"column":3}},"7":{"start":{"line":13,"column":4},"end":{"line":13,"column":31}},"8":{"start":{"line":14,"column":9},"end":{"line":18,"column":3}},"9":{"start":{"line":15,"column":4},"end":{"line":15,"column":30}},"10":{"start":{"line":17,"column":4},"end":{"line":17,"column":55}},"11":{"start":{"line":19,"column":1},"end":{"line":19,"column":13}},"12":{"start":{"line":22,"column":0},"end":{"line":22,"column":31}}},"fnMap":{"0":{"name":"parseFilepath","decl":{"start":{"line":6,"column":9},"end":{"line":6,"column":22}},"loc":{"start":{"line":6,"column":33},"end":{"line":20,"column":1}},"line":6}},"branchMap":{"0":{"loc":{"start":{"line":12,"column":2},"end":{"line":18,"column":3}},"type":"if","locations":[{"start":{"line":12,"column":2},"end":{"line":18,"column":3}},{"start":{"line":14,"column":9},"end":{"line":18,"column":3}}],"line":12},"1":{"loc":{"start":{"line":14,"column":9},"end":{"line":18,"column":3}},"type":"if","locations":[{"start":{"line":14,"column":9},"end":{"line":18,"column":3}},{"start":{"line":16,"column":9},"end":{"line":18,"column":3}}],"line":14},"2":{"loc":{"start":{"line":14,"column":13},"end":{"line":14,"column":46}},"type":"binary-expr","locations":[{"start":{"line":14,"column":13},"end":{"line":14,"column":27}},{"start":{"line":14,"column":31},"end":{"line":14,"column":46}}],"line":14}},"s":{"0":1,"1":1,"2":1,"3":6,"4":6,"5":6,"6":6,"7":3,"8":3,"9":3,"10":0,"11":6,"12":1},"f":{"0":6},"b":{"0":[3,3],"1":[3,0],"2":[3,0]},"_coverageSchema":"1a1c01bbd47fc00a2c39e90264f33305004495a9","hash":"01c65e21343021db932734329fafbd5621964c87"}
}
