TN:
SF:src/index.js
FN:4,formatStylish
FN:5,(anonymous_1)
FN:24,genDiff
FNF:3
FNH:3
FNDA:1,formatStylish
FNDA:5,(anonymous_1)
FNDA:1,genDiff
DA:1,1
DA:2,1
DA:5,1
DA:6,5
DA:7,2
DA:9,3
DA:10,1
DA:12,2
DA:13,1
DA:15,1
DA:16,1
DA:17,1
DA:19,5
DA:21,1
DA:25,1
DA:26,1
DA:27,1
DA:28,1
DA:29,1
DA:30,5
DA:31,5
DA:32,5
DA:33,2
DA:34,3
DA:35,1
DA:36,2
DA:37,2
DA:38,1
DA:40,1
DA:44,1
DA:49,1
LF:31
LH:31
BRDA:6,0,0,2
BRDA:6,0,1,3
BRDA:9,1,0,1
BRDA:9,1,1,2
BRDA:12,2,0,1
BRDA:12,2,1,1
BRDA:15,3,0,1
BRDA:15,3,1,0
BRDA:32,4,0,2
BRDA:32,4,1,3
BRDA:32,5,0,5
BRDA:32,5,1,4
BRDA:34,6,0,1
BRDA:34,6,1,2
BRDA:34,7,0,3
BRDA:34,7,1,1
BRDA:36,8,0,2
BRDA:36,8,1,0
BRDA:36,9,0,2
BRDA:36,9,1,2
BRDA:37,10,0,1
BRDA:37,10,1,1
BRF:22
BRH:20
end_of_record
TN:
SF:src/parser.js
FN:5,parseFilepath
FNF:1
FNH:1
FNDA:2,parseFilepath
DA:1,1
DA:2,1
DA:6,2
DA:7,2
DA:8,2
DA:9,2
DA:10,0
DA:12,2
DA:13,2
DA:16,1
LF:10
LH:9
BRDA:9,0,0,0
BRDA:9,0,1,2
BRF:2
BRH:1
end_of_record
