TN:
SF:src/index.js
FN:6,genDiff
FN:13,buildDiffThree
FNF:2
FNH:2
FNDA:5,genDiff
FNDA:17,buildDiffThree
DA:1,1
DA:2,1
DA:3,1
DA:7,5
DA:8,5
DA:9,5
DA:10,5
DA:14,17
DA:15,17
DA:16,17
DA:17,64
DA:18,64
DA:19,64
DA:20,64
DA:21,64
DA:22,10
DA:23,54
DA:24,17
DA:25,37
DA:26,12
DA:28,25
DA:29,25
DA:30,11
DA:32,14
DA:36,17
DA:39,1
LF:26
LH:26
BRDA:6,0,0,4
BRDA:21,1,0,10
BRDA:21,1,1,54
BRDA:21,2,0,64
BRDA:21,2,1,47
BRDA:23,3,0,17
BRDA:23,3,1,37
BRDA:23,4,0,54
BRDA:23,4,1,17
BRDA:25,5,0,12
BRDA:25,5,1,25
BRDA:25,6,0,37
BRDA:25,6,1,15
BRDA:28,7,0,25
BRDA:28,7,1,0
BRDA:28,8,0,25
BRDA:28,8,1,25
BRDA:29,9,0,11
BRDA:29,9,1,14
BRF:19
BRH:18
end_of_record
TN:
SF:src/parser.js
FN:6,parseFilepath
FNF:1
FNH:1
FNDA:12,parseFilepath
DA:1,1
DA:2,1
DA:3,1
DA:7,12
DA:8,12
DA:9,12
DA:12,12
DA:13,5
DA:14,7
DA:15,7
DA:17,0
DA:19,12
DA:22,1
LF:13
LH:12
BRDA:12,0,0,5
BRDA:12,0,1,7
BRDA:14,1,0,7
BRDA:14,1,1,0
BRDA:14,2,0,7
BRDA:14,2,1,0
BRF:6
BRH:4
end_of_record
TN:
SF:src/formatters/index.js
FN:9,(anonymous_0)
FNF:1
FNH:1
FNDA:5,(anonymous_0)
DA:1,1
DA:2,1
DA:4,1
DA:9,1
DA:10,5
DA:11,0
DA:13,5
DA:16,1
LF:8
LH:7
BRDA:10,0,0,0
BRDA:10,0,1,5
BRF:2
BRH:1
end_of_record
TN:
SF:src/formatters/plain.js
FN:4,formatPlain
FN:6,formatterP
FN:33,formatValue
FNF:3
FNH:3
FNDA:1,formatPlain
FNDA:5,formatterP
FNDA:13,formatValue
DA:1,1
DA:7,5
DA:8,5
DA:10,18
DA:11,4
DA:13,14
DA:16,18
DA:17,2
DA:19,16
DA:20,5
DA:22,11
DA:23,4
DA:24,4
DA:26,7
DA:27,4
DA:30,5
DA:34,13
DA:35,7
DA:36,6
DA:37,3
DA:39,3
DA:41,1
DA:44,1
LF:23
LH:23
BRDA:6,0,0,1
BRDA:10,1,0,4
BRDA:10,1,1,14
BRDA:16,2,0,2
BRDA:16,2,1,16
BRDA:19,3,0,5
BRDA:19,3,1,11
BRDA:22,4,0,4
BRDA:22,4,1,7
BRDA:26,5,0,4
BRDA:26,5,1,3
BRDA:34,6,0,7
BRDA:34,6,1,6
BRDA:36,7,0,3
BRDA:36,7,1,3
BRF:15
BRH:15
end_of_record
TN:
SF:src/formatters/stylish.js
FN:3,formatStylish
FN:7,(anonymous_1)
FN:29,stringify
FN:37,(anonymous_3)
FNF:4
FNH:4
FNDA:12,formatStylish
FNDA:46,(anonymous_1)
FNDA:66,stringify
FNDA:18,(anonymous_3)
DA:1,1
DA:4,12
DA:5,12
DA:6,12
DA:7,12
DA:8,46
DA:9,8
DA:11,38
DA:12,12
DA:14,26
DA:15,8
DA:17,18
DA:18,8
DA:20,10
DA:21,10
DA:22,10
DA:24,46
DA:26,12
DA:30,66
DA:31,52
DA:33,14
DA:34,14
DA:36,14
DA:37,18
DA:39,14
DA:42,1
LF:26
LH:26
BRDA:3,0,0,4
BRDA:8,1,0,8
BRDA:8,1,1,38
BRDA:11,2,0,12
BRDA:11,2,1,26
BRDA:14,3,0,8
BRDA:14,3,1,18
BRDA:17,4,0,8
BRDA:17,4,1,10
BRDA:20,5,0,10
BRDA:20,5,1,0
BRDA:29,6,0,0
BRDA:30,7,0,52
BRDA:30,7,1,14
BRF:14
BRH:12
end_of_record
